Removed Pin From Net: NetName=GND Pin=MP?-1
Removed Pin From Net: NetName=GND Pin=MP?-1
Removed Pin From Net: NetName=GND Pin=MP?-1
Removed Pin From Net: NetName=GND Pin=MP?-1
Removed Pin From Net: NetName=GND Pin=MP?-1
Removed Pin From Net: NetName=GND Pin=MP?-1
Removed Member From Class: ClassName=RF Member=MP?
Added Component: Designator=MP1(36702092)
Add component (AddParameter): Name = "Core Material"; Value = "Steel"; VariantName = "[No Variations]"
Add component (AddParameter): Name = "Height"; Value = "2mm"; VariantName = "[No Variations]"
Add component (AddParameter): Name = "Length"; Value = "20.9mm"; VariantName = "[No Variations]"
Add component (AddParameter): Name = "Max Operating Temperature"; Value = "125°C"; VariantName = "[No Variations]"
Add component (AddParameter): Name = "Min Operating Temperature"; Value = "-40°C"; VariantName = "[No Variations]"
Add component (AddParameter): Name = "NexarPartId"; Value = "115851610"; VariantName = "[No Variations]"
Add component (AddParameter): Name = "RoHS"; Value = "Compliant"; VariantName = "[No Variations]"
Add component (AddParameter): Name = "Width"; Value = "15.3mm"; VariantName = "[No Variations]"
Added Pin To Net: NetName=GND Pin=MP1-1
Added Pin To Net: NetName=GND Pin=MP1-1
Added Pin To Net: NetName=GND Pin=MP1-1
Added Pin To Net: NetName=GND Pin=MP1-1
Added Member To Class: ClassName=RF Member=Component MP1 36702092
